<?xml version="1.0" encoding="UTF-8"?>
<!-- Generated by org.testng.reporters.JUnitXMLReporter -->
<testsuite ignored="0" hostname="DESKTOP-35HBDVU" failures="1" tests="3" name="Test" time="0.287" errors="0" timestamp="21 Sep 2025 05:45:14 GMT">
  <testcase classname="com.app.resuse.Test_Sample" name="test1" time="0.021">
    <failure type="java.lang.AssertionError" message="expected [true] but found [false]">
      <![CDATA[java.lang.AssertionError: expected [true] but found [false]
at com.app.resuse.Test_Sample.test1(Test_Sample.java:15)
... Removed 29 stack frames]]>
    </failure>
  </testcase> <!-- test1 -->
  <testcase classname="com.app.resuse.Test_Sample" name="test2" time="0.001"/>
  <testcase classname="com.app.resuse.Test_Sample" name="test3" time="0.0"/>
</testsuite> <!-- Test -->
